I, [2023-12-11T16:37:07.877378 #1476766]  INFO -- : Net::HTTP::Get: /login
I, [2023-12-11T16:37:08.363003 #1476766]  INFO -- : status: Net::HTTPOK 1.1 200 OK
I, [2023-12-11T16:37:08.397878 #1476766]  INFO -- : Net::HTTP::Get: /sborniki/ukrainian-top-100
I, [2023-12-11T16:37:09.078948 #1476766]  INFO -- : status: Net::HTTPOK 1.1 200 OK
I, [2023-12-11T16:37:09.154003 #1476766]  INFO -- : form encoding: utf-8
I, [2023-12-11T16:37:09.154693 #1476766]  INFO -- : Net::HTTP::Get: /search/?q=
I, [2023-12-11T16:37:09.386098 #1476766]  INFO -- : status: Net::HTTPOK 1.1 200 OK
I, [2023-12-11T16:38:05.503899 #1478132]  INFO -- : Net::HTTP::Get: /login
I, [2023-12-11T16:38:05.913982 #1478132]  INFO -- : status: Net::HTTPOK 1.1 200 OK
I, [2023-12-11T16:38:05.952907 #1478132]  INFO -- : Net::HTTP::Get: /sborniki/ukrainian-top-100
I, [2023-12-11T16:38:06.323947 #1478132]  INFO -- : status: Net::HTTPOK 1.1 200 OK
I, [2023-12-11T16:38:06.343790 #1478132]  INFO -- : form encoding: utf-8
I, [2023-12-11T16:38:06.344235 #1478132]  INFO -- : Net::HTTP::Get: /search/?q=
I, [2023-12-11T16:38:06.615102 #1478132]  INFO -- : status: Net::HTTPOK 1.1 200 OK
I, [2023-12-11T16:39:56.744749 #1480686]  INFO -- : Net::HTTP::Get: /login
I, [2023-12-11T16:39:57.125614 #1480686]  INFO -- : status: Net::HTTPOK 1.1 200 OK
I, [2023-12-11T16:39:57.155336 #1480686]  INFO -- : Net::HTTP::Get: /sborniki/ukrainian-top-100
I, [2023-12-11T16:39:57.639725 #1480686]  INFO -- : status: Net::HTTPOK 1.1 200 OK
I, [2023-12-11T16:39:57.647903 #1480686]  INFO -- : form encoding: utf-8
I, [2023-12-11T16:39:57.648272 #1480686]  INFO -- : Net::HTTP::Get: /search/?q=
I, [2023-12-11T16:39:57.841740 #1480686]  INFO -- : status: Net::HTTPOK 1.1 200 OK
I, [2023-12-11T16:45:53.297846 #1488953]  INFO -- : Net::HTTP::Get: /login
I, [2023-12-11T16:45:53.901498 #1488953]  INFO -- : status: Net::HTTPOK 1.1 200 OK
I, [2023-12-11T16:45:53.920968 #1488953]  INFO -- : Net::HTTP::Get: /sborniki/ukrainian-top-100
I, [2023-12-11T16:45:54.213219 #1488953]  INFO -- : status: Net::HTTPOK 1.1 200 OK
I, [2023-12-11T16:45:54.236108 #1488953]  INFO -- : form encoding: utf-8
I, [2023-12-11T16:45:54.236566 #1488953]  INFO -- : Net::HTTP::Get: /search/?q=
I, [2023-12-11T16:45:54.516018 #1488953]  INFO -- : status: Net::HTTPOK 1.1 200 OK
I, [2023-12-11T16:46:21.613122 #1489638]  INFO -- : Net::HTTP::Get: /login
I, [2023-12-11T16:46:21.937790 #1489638]  INFO -- : status: Net::HTTPOK 1.1 200 OK
I, [2023-12-11T16:46:21.957782 #1489638]  INFO -- : Net::HTTP::Get: /sborniki/ukrainian-top-100
I, [2023-12-11T16:46:22.267858 #1489638]  INFO -- : status: Net::HTTPOK 1.1 200 OK
I, [2023-12-11T16:46:22.286986 #1489638]  INFO -- : form encoding: utf-8
I, [2023-12-11T16:46:22.287416 #1489638]  INFO -- : Net::HTTP::Get: /search/?q=
I, [2023-12-11T16:46:22.575507 #1489638]  INFO -- : status: Net::HTTPOK 1.1 200 OK
I, [2023-12-11T16:47:37.799202 #1491394]  INFO -- : Net::HTTP::Get: /login
I, [2023-12-11T16:47:38.118613 #1491394]  INFO -- : status: Net::HTTPOK 1.1 200 OK
I, [2023-12-11T16:47:38.148867 #1491394]  INFO -- : Net::HTTP::Get: /sborniki/ukrainian-top-100
I, [2023-12-11T16:47:38.454808 #1491394]  INFO -- : status: Net::HTTPOK 1.1 200 OK
I, [2023-12-11T16:47:38.468711 #1491394]  INFO -- : form encoding: utf-8
I, [2023-12-11T16:47:38.469488 #1491394]  INFO -- : Net::HTTP::Get: /search/?q=
I, [2023-12-11T16:47:38.737733 #1491394]  INFO -- : status: Net::HTTPOK 1.1 200 OK
